<?xml version="1.0" encoding="UTF-8"?>
<!-- Generated by org.testng.reporters.JUnitXMLReporter -->
<testsuite ignored="2" hostname="KOLKAR" failures="3" tests="14" name="Test" time="24.272" errors="0" timestamp="2022-10-22T12:50:09 IST">
  <testcase classname="Genericutility.BaseClass_Test" name="@BeforeClass LAUNCHBROWSER" time="7.08">
    <failure type="java.lang.NullPointerException" message="null value in entry: url=null">
      <![CDATA[java.lang.NullPointerException: null value in entry: url=null
at com.google.common.collect.CollectPreconditions.checkEntryNotNull(CollectPreconditions.java:33)
at com.google.common.collect.SingletonImmutableBiMap.<init>(SingletonImmutableBiMap.java:43)
at com.google.common.collect.ImmutableBiMap.of(ImmutableBiMap.java:81)
at com.google.common.collect.ImmutableMap.of(ImmutableMap.java:128)
at org.openqa.selenium.remote.DriverCommand.GET(DriverCommand.java:198)
at org.openqa.selenium.remote.RemoteWebDriver.get(RemoteWebDriver.java:310)
at Genericutility.BaseClass_Test.LAUNCHBROWSER(BaseClass_Test.java:46)
at java.base/java.util.ArrayList.forEach(ArrayList.java:1541)
... Removed 25 stack frames]]>
    </failure>
  </testcase> <!-- @BeforeClass LAUNCHBROWSER -->
  <testcase classname="Genericutility.BaseClass_Test" name="@BeforeMethod loginIntoPage" time="-1.666423192541E9">
    <skipped/>
  </testcase> <!-- @BeforeMethod loginIntoPage -->
  <testcase classname="Genericutility.BaseClass_Test" name="@AfterMethod method1" time="-1.666423192568E9">
    <skipped/>
  </testcase> <!-- @AfterMethod method1 -->
  <testcase classname="Genericutility.BaseClass_Test" name="@AfterClass CLOSEBROWSER" time="-1.666423192573E9">
    <skipped/>
  </testcase> <!-- @AfterClass CLOSEBROWSER -->
  <testcase classname="Genericutility.BaseClass_Test" name="@BeforeClass LAUNCHBROWSER" time="3.587">
    <failure type="java.lang.NullPointerException" message="null value in entry: url=null">
      <![CDATA[java.lang.NullPointerException: null value in entry: url=null
at com.google.common.collect.CollectPreconditions.checkEntryNotNull(CollectPreconditions.java:33)
at com.google.common.collect.SingletonImmutableBiMap.<init>(SingletonImmutableBiMap.java:43)
at com.google.common.collect.ImmutableBiMap.of(ImmutableBiMap.java:81)
at com.google.common.collect.ImmutableMap.of(ImmutableMap.java:128)
at org.openqa.selenium.remote.DriverCommand.GET(DriverCommand.java:198)
at org.openqa.selenium.remote.RemoteWebDriver.get(RemoteWebDriver.java:310)
at Genericutility.BaseClass_Test.LAUNCHBROWSER(BaseClass_Test.java:46)
at java.base/java.util.ArrayList.forEach(ArrayList.java:1541)
... Removed 25 stack frames]]>
    </failure>
  </testcase> <!-- @BeforeClass LAUNCHBROWSER -->
  <testcase classname="Genericutility.BaseClass_Test" name="@BeforeMethod loginIntoPage" time="-1.666423196197E9">
    <skipped/>
  </testcase> <!-- @BeforeMethod loginIntoPage -->
  <testcase classname="Genericutility.BaseClass_Test" name="@AfterMethod method1" time="-1.666423196212E9">
    <skipped/>
  </testcase> <!-- @AfterMethod method1 -->
  <testcase classname="Genericutility.BaseClass_Test" name="@BeforeMethod loginIntoPage" time="-1.666423196215E9">
    <skipped/>
  </testcase> <!-- @BeforeMethod loginIntoPage -->
  <testcase classname="Genericutility.BaseClass_Test" name="@AfterMethod method1" time="-1.666423196229E9">
    <skipped/>
  </testcase> <!-- @AfterMethod method1 -->
  <testcase classname="Genericutility.BaseClass_Test" name="@AfterClass CLOSEBROWSER" time="-1.666423196283E9">
    <skipped/>
  </testcase> <!-- @AfterClass CLOSEBROWSER -->
  <testcase classname="tESTNGpavanSir.WebHEADLESSclass" name="webbrowser" time="0.0">
    <skipped/>
  </testcase> <!-- webbrowser -->
  <testcase classname="tESTNGpavanSir.SampleClass" name="A" time="0.0">
    <skipped/>
  </testcase> <!-- A -->
  <testcase classname="tESTNGpavanSir.SampleClass" name="a" time="0.0">
    <skipped/>
  </testcase> <!-- a -->
  <testcase classname="tESTNGpavanSir.DataPrividerUSINGexcel" name="getdata" time="0.0">
    <skipped/>
  </testcase> <!-- getdata -->
  <testcase classname="tESTNGpavanSir.AnnotationsmethodTest" name="sathish" time="0.01"/>
  <testcase classname="tESTNGpavanSir.DataProviderTest" name="bookingTickets" time="0.004"/>
  <testcase classname="tESTNGpavanSir.DataProviderTest" name="bookingTickets" time="0.006"/>
  <testcase classname="tESTNGpavanSir.DataProviderTest" name="bookingTickets" time="0.003"/>
  <testcase classname="tESTNGpavanSir.DemoClass" name="test1" time="0.002"/>
  <testcase classname="tESTNGpavanSir.DemoClass" name="test2" time="0.008">
    <failure type="java.lang.AssertionError" message="expected:&amp;lt;bharat&amp;gt; but was:&amp;lt;satish&amp;gt;">
      <![CDATA[java.lang.AssertionError: expected:<bharat> but was:<satish>
at tESTNGpavanSir.DemoClass.test2(DemoClass.java:18)
at java.base/java.util.ArrayList.forEach(ArrayList.java:1541)
... Removed 29 stack frames]]>
    </failure>
  </testcase> <!-- test2 -->
  <testcase classname="tESTNGpavanSir.DemoClass" name="test3" time="0.002"/>
  <testcase classname="tESTNGpavanSir.DemoClass" name="test4" time="0.002"/>
  <testcase classname="tESTNGpavanSir.AmazonClass" name="amazon" time="5.765">
    <failure type="java.lang.AssertionError" message="expected:&amp;lt;false&amp;gt; but was:&amp;lt;true&amp;gt;">
      <![CDATA[java.lang.AssertionError: expected:<false> but was:<true>
at tESTNGpavanSir.AmazonClass.amazon(AmazonClass.java:21)
at java.base/java.util.ArrayList.forEach(ArrayList.java:1541)
... Removed 32 stack frames]]>
    </failure>
  </testcase> <!-- amazon -->
  <testcase classname="tESTNGpavanSir.AmazonClass" name="flipkart" time="5.973">
    <failure type="org.openqa.selenium.NoSuchWindowException" message="no such window: target window already closed
from unknown error: web view not found
  (Session info: chrome=106.0.5249.119)
Build info: version: &amp;apos;4.4.0&amp;apos;, revision: &amp;apos;e5c75ed026a&amp;apos;
System info: host: &amp;apos;KOLKAR&amp;apos;, ip: &amp;apos;192.168.1.49&amp;apos;, os.name: &amp;apos;Windows 11&amp;apos;, os.arch: &amp;apos;amd64&amp;apos;, os.version: &amp;apos;10.0&amp;apos;, java.version: &amp;apos;11.0.16&amp;apos;
Driver info: org.openqa.selenium.chrome.ChromeDriver
Command: [f761f49d4e9b3bde4a2fb2deb0788b8e, getTitle {}]
Capabilities {acceptInsecureCerts: false, browserName: chrome, browserVersion: 106.0.5249.119, chrome: {chromedriverVersion: 106.0.5249.61 (511755355844..., userDataDir: C:\Users\hp\AppData\Local\T...}, goog:chromeOptions: {debuggerAddress: localhost:53554}, networkConnectionEnabled: false, pageLoadStrategy: normal, platformName: WINDOWS, proxy: Proxy(), se:cdp: ws://localhost:53554/devtoo..., se:cdpVersion: 106.0.5249.119, setWindowRect: true, strictFileInteractability: false, timeouts: {implicit: 0, pageLoad: 300000, script: 30000}, unhandledPromptBehavior: dismiss and notify, webauthn:extension:credBlob: true, webauthn:extension:largeBlob: true, webauthn:virtualAuthenticators: true}
Session ID: f761f49d4e9b3bde4a2fb2deb0788b8e">
      <![CDATA[org.openqa.selenium.NoSuchWindowException: no such window: target window already closed
from unknown error: web view not found
  (Session info: chrome=106.0.5249.119)
Build info: version: '4.4.0', revision: 'e5c75ed026a'
System info: host: 'KOLKAR', ip: '192.168.1.49', os.name: 'Windows 11', os.arch: 'amd64', os.version: '10.0', java.version: '11.0.16'
Driver info: org.openqa.selenium.chrome.ChromeDriver
Command: [f761f49d4e9b3bde4a2fb2deb0788b8e, getTitle {}]
Capabilities {acceptInsecureCerts: false, browserName: chrome, browserVersion: 106.0.5249.119, chrome: {chromedriverVersion: 106.0.5249.61 (511755355844..., userDataDir: C:\Users\hp\AppData\Local\T...}, goog:chromeOptions: {debuggerAddress: localhost:53554}, networkConnectionEnabled: false, pageLoadStrategy: normal, platformName: WINDOWS, proxy: Proxy(), se:cdp: ws://localhost:53554/devtoo..., se:cdpVersion: 106.0.5249.119, setWindowRect: true, strictFileInteractability: false, timeouts: {implicit: 0, pageLoad: 300000, script: 30000}, unhandledPromptBehavior: dismiss and notify, webauthn:extension:credBlob: true, webauthn:extension:largeBlob: true, webauthn:virtualAuthenticators: true}
Session ID: f761f49d4e9b3bde4a2fb2deb0788b8e
at org.openqa.selenium.remote.codec.w3c.W3CHttpResponseCodec.createException(W3CHttpResponseCodec.java:200)
at org.openqa.selenium.remote.codec.w3c.W3CHttpResponseCodec.decode(W3CHttpResponseCodec.java:133)
at org.openqa.selenium.remote.codec.w3c.W3CHttpResponseCodec.decode(W3CHttpResponseCodec.java:53)
at org.openqa.selenium.remote.HttpCommandExecutor.execute(HttpCommandExecutor.java:184)
at org.openqa.selenium.remote.service.DriverCommandExecutor.invokeExecute(DriverCommandExecutor.java:167)
at org.openqa.selenium.remote.service.DriverCommandExecutor.execute(DriverCommandExecutor.java:142)
at org.openqa.selenium.remote.RemoteWebDriver.execute(RemoteWebDriver.java:547)
at org.openqa.selenium.remote.RemoteWebDriver.execute(RemoteWebDriver.java:602)
at org.openqa.selenium.remote.RemoteWebDriver.execute(RemoteWebDriver.java:606)
at org.openqa.selenium.remote.RemoteWebDriver.getTitle(RemoteWebDriver.java:315)
at tESTNGpavanSir.AmazonClass.flipkart(AmazonClass.java:31)
at java.base/java.util.ArrayList.forEach(ArrayList.java:1541)
... Removed 31 stack frames]]>
    </failure>
  </testcase> <!-- flipkart -->
  <testcase classname="Genericutility.BaseClass_Test" name="@BeforeSuite CONNECTINGdatabase" time="0.0">
    <ignored/>
  </testcase> <!-- @BeforeSuite CONNECTINGdatabase -->
  <testcase classname="Genericutility.BaseClass_Test" name="@AfterSuite ENDINGdatabase" time="0.0">
    <ignored/>
  </testcase> <!-- @AfterSuite ENDINGdatabase -->
</testsuite> <!-- Test -->
